2024-06-09T08:40:20  docs: expand examples
2024-06-26T15:57:27  test: strengthen coverage
2024-07-20T10:14:34  chore: tune defaults
2024-08-14T17:31:41  refactor: simplify helper
2024-09-24T12:48:48  chore: routine maintenance
2024-10-19T19:05:55  docs: clarify usage notes
2024-11-12T14:22:02  test: add edge case
2024-11-30T09:39:09  refactor: tidy internals
2024-12-24T16:56:16  fix: handle empty input gracefully
2025-01-18T11:13:23  perf: micro-optimization
2025-02-11T18:30:30  style: formatting
2025-03-01T13:47:37  chore: bump dev tooling
2025-03-25T08:04:44  docs: expand examples
2025-04-19T15:21:51  test: strengthen coverage
2025-05-30T10:38:58  chore: tune defaults
2025-06-24T17:55:05  refactor: simplify helper
2025-07-18T12:12:12  chore: routine maintenance
2025-08-11T19:29:19  docs: clarify usage notes
2025-08-29T14:46:26  test: add edge case
2025-09-22T09:03:33  refactor: tidy internals
2025-10-17T16:20:40  fix: handle empty input gracefully
2025-11-03T11:37:47  perf: micro-optimization
2025-11-28T18:54:54  style: formatting
2025-12-22T13:11:01  chore: bump dev tooling
2026-01-09T08:28:08  docs: expand examples
2026-02-02T15:45:15  test: strengthen coverage
2026-02-27T10:02:22  chore: tune defaults
2026-03-23T17:19:29  refactor: simplify helper
2026-05-04T12:36:36  chore: routine maintenance
2026-05-28T19:53:43  docs: clarify usage notes
2024-09-22T08:40:20  feat: ARCHON signed off on this
2024-11-02T15:57:27  chore: feed the FOUNDRY
2025-02-22T10:14:34  chore: IRONCLAD hardening pass
2025-06-14T17:31:41  chore: ATHENA-PRIME calibration
2025-07-26T12:48:48  feat: PROMETHEUS unbound
2025-11-15T19:05:55  chore: BLACKBOOK redaction pass
2025-12-10T14:22:02  refactor: I have altered the code. pray I don't alter it further
2026-04-18T09:39:09  feat: do or do not, there is no try/except
2024-06-14T11:35:25  fix: 60% of the time, it works every time
2024-07-04T18:52:32  style(fixtures): add a --quiet mode
2024-07-07T13:09:39  feat(output): bump the dev toolchain
2024-07-28T08:26:46  docs(detect): guard against ReDoS in patterns
2024-08-18T15:43:53  refactor(format): load rules lazily for faster startup
2024-09-08T10:00:00  style(engine): simplify the walker
